app/build/intermediates/manifest_merge_blame_file/release/manifest-merger-blame-release-report.txt
1<?xml version="1.0" encoding="utf-8"?>
2<manifest xmlns:android="http://schemas.android.com/apk/res/android"
3    package="vukan.com.apursp"
4    android:versionCode="1"
5    android:versionName="1.0" >
6
7    <uses-sdk
8        android:minSdkVersion="16"
8-->src\main\AndroidManifest.xml
9        android:targetSdkVersion="30" />
9-->src\main\AndroidManifest.xml
10
11    <uses-permission android:name="android.permission.INTERNET" />
11-->src\main\AndroidManifest.xml:5:5-67
11-->src\main\AndroidManifest.xml:5:22-64
12    <uses-permission android:name="android.permission.ACCESS_NETWORK_STATE" />
12-->[com.firebaseui:firebase-ui-auth:4.3.1] AndroidManifest.xml:12:5-79
12-->[com.firebaseui:firebase-ui-auth:4.3.1] AndroidManifest.xml:12:22-76
13    <uses-permission android:name="android.permission.WAKE_LOCK" />
13-->[com.google.android.gms:play-services-measurement:18.0.3] AndroidManifest.xml:25:5-68
13-->[com.google.android.gms:play-services-measurement:18.0.3] AndroidManifest.xml:25:22-65
14    <uses-permission android:name="com.google.android.finsky.permission.BIND_GET_INSTALL_REFERRER_SERVICE" /> <!-- Android package visibility setting -->
14-->[com.google.android.gms:play-services-measurement:18.0.3] AndroidManifest.xml:26:5-110
14-->[com.google.android.gms:play-services-measurement:18.0.3] AndroidManifest.xml:26:22-107
15    <queries>
15-->[com.google.android.gms:play-services-ads-lite:20.0.0] AndroidManifest.xml:27:5-43:15
16
17        <!-- For browser content -->
18        <intent>
18-->[com.google.android.gms:play-services-ads-lite:20.0.0] AndroidManifest.xml:30:9-36:18
19            <action android:name="android.intent.action.VIEW" />
19-->[com.firebaseui:firebase-ui-auth:4.3.1] AndroidManifest.xml:93:17-69
19-->[com.firebaseui:firebase-ui-auth:4.3.1] AndroidManifest.xml:93:25-66
20
21            <category android:name="android.intent.category.BROWSABLE" />
21-->[com.firebaseui:firebase-ui-auth:4.3.1] AndroidManifest.xml:96:17-78
21-->[com.firebaseui:firebase-ui-auth:4.3.1] AndroidManifest.xml:96:27-75
22
23            <data android:scheme="https" />
23-->[com.firebaseui:firebase-ui-auth:4.3.1] AndroidManifest.xml:98:17-81
23-->[com.firebaseui:firebase-ui-auth:4.3.1] AndroidManifest.xml:98:23-78
24        </intent>
25        <!-- End of browser content -->
26        <!-- For CustomTabsService -->
27        <intent>
27-->[com.google.android.gms:play-services-ads-lite:20.0.0] AndroidManifest.xml:39:9-41:18
28            <action android:name="android.support.customtabs.action.CustomTabsService" />
28-->[com.google.android.gms:play-services-ads-lite:20.0.0] AndroidManifest.xml:40:13-90
28-->[com.google.android.gms:play-services-ads-lite:20.0.0] AndroidManifest.xml:40:21-87
29        </intent>
30        <!-- End of CustomTabsService -->
31    </queries>
32
33    <uses-permission android:name="android.permission.RECEIVE_BOOT_COMPLETED" />
33-->[androidx.work:work-runtime:2.1.0] AndroidManifest.xml:27:5-81
33-->[androidx.work:work-runtime:2.1.0] AndroidManifest.xml:27:22-78
34
35    <application
35-->src\main\AndroidManifest.xml:7:5-33:19
36        android:name="androidx.multidex.MultiDexApplication"
36-->src\main\AndroidManifest.xml:8:9-61
37        android:allowBackup="true"
37-->src\main\AndroidManifest.xml:9:9-35
38        android:appComponentFactory="androidx.core.app.CoreComponentFactory"
38-->[androidx.core:core:1.5.0-rc01] AndroidManifest.xml:24:18-86
39        android:fullBackupContent="true"
39-->src\main\AndroidManifest.xml:10:9-41
40        android:icon="@mipmap/ic_launcher"
40-->src\main\AndroidManifest.xml:11:9-43
41        android:label="@string/app_name"
41-->src\main\AndroidManifest.xml:12:9-41
42        android:roundIcon="@mipmap/ic_launcher"
42-->src\main\AndroidManifest.xml:13:9-48
43        android:supportsRtl="true"
43-->src\main\AndroidManifest.xml:14:9-35
44        android:theme="@style/AppTheme" >
44-->src\main\AndroidManifest.xml:15:9-40
45        <meta-data
45-->src\main\AndroidManifest.xml:17:9-19:70
46            android:name="com.google.android.gms.ads.APPLICATION_ID"
46-->src\main\AndroidManifest.xml:18:13-69
47            android:value="ca-app-pub-3940256099942544~3347511713" />
47-->src\main\AndroidManifest.xml:19:13-67
48        <meta-data
48-->src\main\AndroidManifest.xml:21:9-23:57
49            android:name="preloaded_fonts"
49-->src\main\AndroidManifest.xml:22:13-43
50            android:resource="@array/preloaded_fonts" />
50-->src\main\AndroidManifest.xml:23:13-54
51
52        <activity
52-->src\main\AndroidManifest.xml:25:9-32:20
53            android:name="vukan.com.apursp.MainActivity"
53-->src\main\AndroidManifest.xml:26:13-41
54            android:label="@string/app_name" >
54-->src\main\AndroidManifest.xml:27:13-45
55            <intent-filter>
55-->src\main\AndroidManifest.xml:28:13-31:29
56                <action android:name="android.intent.action.MAIN" />
56-->src\main\AndroidManifest.xml:29:17-69
56-->src\main\AndroidManifest.xml:29:25-66
57
58                <category android:name="android.intent.category.LAUNCHER" />
58-->src\main\AndroidManifest.xml:30:17-77
58-->src\main\AndroidManifest.xml:30:27-74
59            </intent-filter>
60        </activity>
61
62        <meta-data
62-->[com.firebaseui:firebase-ui-auth:4.3.1] AndroidManifest.xml:16:9-18:69
63            android:name="com.google.android.gms.version"
63-->[com.firebaseui:firebase-ui-auth:4.3.1] AndroidManifest.xml:17:13-58
64            android:value="@integer/google_play_services_version" />
64-->[com.firebaseui:firebase-ui-auth:4.3.1] AndroidManifest.xml:18:13-66
65        <meta-data
65-->[com.firebaseui:firebase-ui-auth:4.3.1] AndroidManifest.xml:19:9-21:63
66            android:name="com.facebook.sdk.ApplicationId"
66-->[com.firebaseui:firebase-ui-auth:4.3.1] AndroidManifest.xml:20:13-58
67            android:value="@string/facebook_application_id" />
67-->[com.firebaseui:firebase-ui-auth:4.3.1] AndroidManifest.xml:21:13-60
68
69        <activity
69-->[com.firebaseui:firebase-ui-auth:4.3.1] AndroidManifest.xml:23:9-27:61
70            android:name="com.firebase.ui.auth.KickoffActivity"
70-->[com.firebaseui:firebase-ui-auth:4.3.1] AndroidManifest.xml:24:13-64
71            android:exported="false"
71-->[com.firebaseui:firebase-ui-auth:4.3.1] AndroidManifest.xml:25:13-37
72            android:label=""
72-->[com.firebaseui:firebase-ui-auth:4.3.1] AndroidManifest.xml:26:13-29
73            android:theme="@style/FirebaseUI.Transparent" />
73-->[com.firebaseui:firebase-ui-auth:4.3.1] AndroidManifest.xml:27:13-58
74        <activity
74-->[com.firebaseui:firebase-ui-auth:4.3.1] AndroidManifest.xml:28:9-32:61
75            android:name="com.firebase.ui.auth.ui.idp.SingleSignInActivity"
75-->[com.firebaseui:firebase-ui-auth:4.3.1] AndroidManifest.xml:29:13-76
76            android:exported="false"
76-->[com.firebaseui:firebase-ui-auth:4.3.1] AndroidManifest.xml:30:13-37
77            android:label=""
77-->[com.firebaseui:firebase-ui-auth:4.3.1] AndroidManifest.xml:31:13-29
78            android:theme="@style/FirebaseUI.Transparent" />
78-->[com.firebaseui:firebase-ui-auth:4.3.1] AndroidManifest.xml:32:13-58
79        <activity
79-->[com.firebaseui:firebase-ui-auth:4.3.1] AndroidManifest.xml:33:9-37:61
80            android:name="com.firebase.ui.auth.ui.credentials.CredentialSaveActivity"
80-->[com.firebaseui:firebase-ui-auth:4.3.1] AndroidManifest.xml:34:13-86
81            android:exported="false"
81-->[com.firebaseui:firebase-ui-auth:4.3.1] AndroidManifest.xml:35:13-37
82            android:label=""
82-->[com.firebaseui:firebase-ui-auth:4.3.1] AndroidManifest.xml:36:13-29
83            android:theme="@style/FirebaseUI.Transparent" />
83-->[com.firebaseui:firebase-ui-auth:4.3.1] AndroidManifest.xml:37:13-58
84        <activity
84-->[com.firebaseui:firebase-ui-auth:4.3.1] AndroidManifest.xml:38:9-42:58
85            android:name="com.firebase.ui.auth.ui.email.RecoverPasswordActivity"
85-->[com.firebaseui:firebase-ui-auth:4.3.1] AndroidManifest.xml:39:13-81
86            android:exported="false"
86-->[com.firebaseui:firebase-ui-auth:4.3.1] AndroidManifest.xml:40:13-37
87            android:label="@string/fui_title_recover_password_activity"
87-->[com.firebaseui:firebase-ui-auth:4.3.1] AndroidManifest.xml:41:13-72
88            android:windowSoftInputMode="adjustResize" />
88-->[com.firebaseui:firebase-ui-auth:4.3.1] AndroidManifest.xml:42:13-55
89        <activity
89-->[com.firebaseui:firebase-ui-auth:4.3.1] AndroidManifest.xml:43:9-47:58
90            android:name="com.firebase.ui.auth.ui.email.EmailActivity"
90-->[com.firebaseui:firebase-ui-auth:4.3.1] AndroidManifest.xml:44:13-71
91            android:exported="false"
91-->[com.firebaseui:firebase-ui-auth:4.3.1] AndroidManifest.xml:45:13-37
92            android:label="@string/fui_sign_in_default"
92-->[com.firebaseui:firebase-ui-auth:4.3.1] AndroidManifest.xml:46:13-56
93            android:windowSoftInputMode="adjustResize" />
93-->[com.firebaseui:firebase-ui-auth:4.3.1] AndroidManifest.xml:47:13-55
94        <activity
94-->[com.firebaseui:firebase-ui-auth:4.3.1] AndroidManifest.xml:48:9-52:77
95            android:name="com.firebase.ui.auth.ui.phone.PhoneActivity"
95-->[com.firebaseui:firebase-ui-auth:4.3.1] AndroidManifest.xml:49:13-71
96            android:exported="false"
96-->[com.firebaseui:firebase-ui-auth:4.3.1] AndroidManifest.xml:50:13-37
97            android:label="@string/fui_sign_in_with_phone_number"
97-->[com.firebaseui:firebase-ui-auth:4.3.1] AndroidManifest.xml:51:13-66
98            android:windowSoftInputMode="adjustResize|stateAlwaysVisible" />
98-->[com.firebaseui:firebase-ui-auth:4.3.1] AndroidManifest.xml:52:13-74
99        <activity
99-->[com.firebaseui:firebase-ui-auth:4.3.1] AndroidManifest.xml:53:9-57:58
100            android:name="com.firebase.ui.auth.ui.idp.WelcomeBackIdpPrompt"
100-->[com.firebaseui:firebase-ui-auth:4.3.1] AndroidManifest.xml:54:13-76
101            android:exported="false"
101-->[com.firebaseui:firebase-ui-auth:4.3.1] AndroidManifest.xml:55:13-37
102            android:label="@string/fui_title_welcome_back_idp_prompt"
102-->[com.firebaseui:firebase-ui-auth:4.3.1] AndroidManifest.xml:56:13-70
103            android:windowSoftInputMode="adjustResize" />
103-->[com.firebaseui:firebase-ui-auth:4.3.1] AndroidManifest.xml:57:13-55
104        <activity
104-->[com.firebaseui:firebase-ui-auth:4.3.1] AndroidManifest.xml:58:9-62:58
105            android:name="com.firebase.ui.auth.ui.email.WelcomeBackPasswordPrompt"
105-->[com.firebaseui:firebase-ui-auth:4.3.1] AndroidManifest.xml:59:13-83
106            android:exported="false"
106-->[com.firebaseui:firebase-ui-auth:4.3.1] AndroidManifest.xml:60:13-37
107            android:label="@string/fui_title_welcome_back_password_prompt"
107-->[com.firebaseui:firebase-ui-auth:4.3.1] AndroidManifest.xml:61:13-75
108            android:windowSoftInputMode="adjustResize" />
108-->[com.firebaseui:firebase-ui-auth:4.3.1] AndroidManifest.xml:62:13-55
109        <activity
109-->[com.firebaseui:firebase-ui-auth:4.3.1] AndroidManifest.xml:63:9-67:58
110            android:name="com.firebase.ui.auth.ui.email.WelcomeBackEmailLinkPrompt"
110-->[com.firebaseui:firebase-ui-auth:4.3.1] AndroidManifest.xml:64:13-84
111            android:exported="false"
111-->[com.firebaseui:firebase-ui-auth:4.3.1] AndroidManifest.xml:65:13-37
112            android:label="@string/fui_title_welcome_back_password_prompt"
112-->[com.firebaseui:firebase-ui-auth:4.3.1] AndroidManifest.xml:66:13-75
113            android:windowSoftInputMode="adjustResize" />
113-->[com.firebaseui:firebase-ui-auth:4.3.1] AndroidManifest.xml:67:13-55
114        <activity
114-->[com.firebaseui:firebase-ui-auth:4.3.1] AndroidManifest.xml:68:9-73:58
115            android:name="com.firebase.ui.auth.ui.email.EmailLinkCatcherActivity"
115-->[com.firebaseui:firebase-ui-auth:4.3.1] AndroidManifest.xml:69:13-82
116            android:exported="false"
116-->[com.firebaseui:firebase-ui-auth:4.3.1] AndroidManifest.xml:70:13-37
117            android:label=""
117-->[com.firebaseui:firebase-ui-auth:4.3.1] AndroidManifest.xml:71:13-29
118            android:theme="@style/FirebaseUI.Transparent"
118-->[com.firebaseui:firebase-ui-auth:4.3.1] AndroidManifest.xml:72:13-58
119            android:windowSoftInputMode="adjustResize" />
119-->[com.firebaseui:firebase-ui-auth:4.3.1] AndroidManifest.xml:73:13-55
120        <activity
120-->[com.firebaseui:firebase-ui-auth:4.3.1] AndroidManifest.xml:74:9-78:58
121            android:name="com.firebase.ui.auth.ui.email.EmailLinkErrorRecoveryActivity"
121-->[com.firebaseui:firebase-ui-auth:4.3.1] AndroidManifest.xml:75:13-88
122            android:exported="false"
122-->[com.firebaseui:firebase-ui-auth:4.3.1] AndroidManifest.xml:76:13-37
123            android:label="@string/fui_sign_in_default"
123-->[com.firebaseui:firebase-ui-auth:4.3.1] AndroidManifest.xml:77:13-56
124            android:windowSoftInputMode="adjustResize" />
124-->[com.firebaseui:firebase-ui-auth:4.3.1] AndroidManifest.xml:78:13-55
125        <activity
125-->[com.firebaseui:firebase-ui-auth:4.3.1] AndroidManifest.xml:79:9-82:65
126            android:name="com.firebase.ui.auth.ui.idp.AuthMethodPickerActivity"
126-->[com.firebaseui:firebase-ui-auth:4.3.1] AndroidManifest.xml:80:13-80
127            android:exported="false"
127-->[com.firebaseui:firebase-ui-auth:4.3.1] AndroidManifest.xml:81:13-37
128            android:label="@string/fui_default_toolbar_title" />
128-->[com.firebaseui:firebase-ui-auth:4.3.1] AndroidManifest.xml:82:13-62
129        <activity
129-->[com.firebaseui:firebase-ui-auth:4.3.1] AndroidManifest.xml:83:9-87:48
130            android:name="com.facebook.FacebookActivity"
130-->[com.firebaseui:firebase-ui-auth:4.3.1] AndroidManifest.xml:84:13-57
131            android:configChanges="keyboard|keyboardHidden|screenLayout|screenSize|orientation"
131-->[com.firebaseui:firebase-ui-auth:4.3.1] AndroidManifest.xml:85:13-96
132            android:label="@string/app_name"
132-->[com.firebaseui:firebase-ui-auth:4.3.1] AndroidManifest.xml:86:13-45
133            android:theme="@style/com_facebook_activity_theme" />
133-->[com.facebook.android:facebook-common:7.0.1] AndroidManifest.xml:33:13-63
134        <activity
134-->[com.firebaseui:firebase-ui-auth:4.3.1] AndroidManifest.xml:88:9-100:20
135            android:name="com.facebook.CustomTabActivity"
135-->[com.firebaseui:firebase-ui-auth:4.3.1] AndroidManifest.xml:89:13-58
136            android:exported="true" >
136-->[com.firebaseui:firebase-ui-auth:4.3.1] AndroidManifest.xml:90:13-36
137            <intent-filter>
137-->[com.firebaseui:firebase-ui-auth:4.3.1] AndroidManifest.xml:92:13-99:29
138                <action android:name="android.intent.action.VIEW" />
138-->[com.firebaseui:firebase-ui-auth:4.3.1] AndroidManifest.xml:93:17-69
138-->[com.firebaseui:firebase-ui-auth:4.3.1] AndroidManifest.xml:93:25-66
139
140                <category android:name="android.intent.category.DEFAULT" />
140-->[com.firebaseui:firebase-ui-auth:4.3.1] AndroidManifest.xml:95:17-76
140-->[com.firebaseui:firebase-ui-auth:4.3.1] AndroidManifest.xml:95:27-73
141                <category android:name="android.intent.category.BROWSABLE" />
141-->[com.firebaseui:firebase-ui-auth:4.3.1] AndroidManifest.xml:96:17-78
141-->[com.firebaseui:firebase-ui-auth:4.3.1] AndroidManifest.xml:96:27-75
142
143                <data android:scheme="@string/facebook_login_protocol_scheme" />
143-->[com.firebaseui:firebase-ui-auth:4.3.1] AndroidManifest.xml:98:17-81
143-->[com.firebaseui:firebase-ui-auth:4.3.1] AndroidManifest.xml:98:23-78
144            </intent-filter>
145            <intent-filter>
145-->[com.facebook.android:facebook-common:7.0.1] AndroidManifest.xml:39:13-48:29
146                <action android:name="android.intent.action.VIEW" />
146-->[com.firebaseui:firebase-ui-auth:4.3.1] AndroidManifest.xml:93:17-69
146-->[com.firebaseui:firebase-ui-auth:4.3.1] AndroidManifest.xml:93:25-66
147
148                <category android:name="android.intent.category.DEFAULT" />
148-->[com.firebaseui:firebase-ui-auth:4.3.1] AndroidManifest.xml:95:17-76
148-->[com.firebaseui:firebase-ui-auth:4.3.1] AndroidManifest.xml:95:27-73
149                <category android:name="android.intent.category.BROWSABLE" />
149-->[com.firebaseui:firebase-ui-auth:4.3.1] AndroidManifest.xml:96:17-78
149-->[com.firebaseui:firebase-ui-auth:4.3.1] AndroidManifest.xml:96:27-75
150
151                <data
151-->[com.firebaseui:firebase-ui-auth:4.3.1] AndroidManifest.xml:98:17-81
152                    android:host="cct.vukan.com.apursp"
153                    android:scheme="fbconnect" />
153-->[com.firebaseui:firebase-ui-auth:4.3.1] AndroidManifest.xml:98:23-78
154            </intent-filter>
155        </activity>
156
157        <provider
157-->[com.firebaseui:firebase-ui-auth:4.3.1] AndroidManifest.xml:102:9-106:38
158            android:name="com.firebase.ui.auth.data.client.AuthUiInitProvider"
158-->[com.firebaseui:firebase-ui-auth:4.3.1] AndroidManifest.xml:103:13-79
159            android:authorities="vukan.com.apursp.authuiinitprovider"
159-->[com.firebaseui:firebase-ui-auth:4.3.1] AndroidManifest.xml:104:13-70
160            android:exported="false"
160-->[com.firebaseui:firebase-ui-auth:4.3.1] AndroidManifest.xml:105:13-37
161            android:initOrder="90" />
161-->[com.firebaseui:firebase-ui-auth:4.3.1] AndroidManifest.xml:106:13-35
162
163        <activity android:name="com.facebook.CustomTabMainActivity" />
163-->[com.facebook.android:facebook-common:7.0.1] AndroidManifest.xml:34:9-71
163-->[com.facebook.android:facebook-common:7.0.1] AndroidManifest.xml:34:19-68
164        <activity
164-->[com.google.firebase:firebase-auth:20.0.4] AndroidManifest.xml:27:9-44:20
165            android:name="com.google.firebase.auth.internal.GenericIdpActivity"
165-->[com.google.firebase:firebase-auth:20.0.4] AndroidManifest.xml:28:13-80
166            android:excludeFromRecents="true"
166-->[com.google.firebase:firebase-auth:20.0.4] AndroidManifest.xml:29:13-46
167            android:exported="true"
167-->[com.google.firebase:firebase-auth:20.0.4] AndroidManifest.xml:30:13-36
168            android:launchMode="singleTask"
168-->[com.google.firebase:firebase-auth:20.0.4] AndroidManifest.xml:31:13-44
169            android:theme="@android:style/Theme.Translucent.NoTitleBar" >
169-->[com.google.firebase:firebase-auth:20.0.4] AndroidManifest.xml:32:13-72
170            <intent-filter>
170-->[com.google.firebase:firebase-auth:20.0.4] AndroidManifest.xml:33:13-43:29
171                <action android:name="android.intent.action.VIEW" />
171-->[com.firebaseui:firebase-ui-auth:4.3.1] AndroidManifest.xml:93:17-69
171-->[com.firebaseui:firebase-ui-auth:4.3.1] AndroidManifest.xml:93:25-66
172
173                <category android:name="android.intent.category.DEFAULT" />
173-->[com.firebaseui:firebase-ui-auth:4.3.1] AndroidManifest.xml:95:17-76
173-->[com.firebaseui:firebase-ui-auth:4.3.1] AndroidManifest.xml:95:27-73
174                <category android:name="android.intent.category.BROWSABLE" />
174-->[com.firebaseui:firebase-ui-auth:4.3.1] AndroidManifest.xml:96:17-78
174-->[com.firebaseui:firebase-ui-auth:4.3.1] AndroidManifest.xml:96:27-75
175
176                <data
176-->[com.firebaseui:firebase-ui-auth:4.3.1] AndroidManifest.xml:98:17-81
177                    android:host="firebase.auth"
178                    android:path="/"
179                    android:scheme="genericidp" />
179-->[com.firebaseui:firebase-ui-auth:4.3.1] AndroidManifest.xml:98:23-78
180            </intent-filter>
181        </activity>
182        <activity
182-->[com.google.firebase:firebase-auth:20.0.4] AndroidManifest.xml:45:9-62:20
183            android:name="com.google.firebase.auth.internal.RecaptchaActivity"
183-->[com.google.firebase:firebase-auth:20.0.4] AndroidManifest.xml:46:13-79
184            android:excludeFromRecents="true"
184-->[com.google.firebase:firebase-auth:20.0.4] AndroidManifest.xml:47:13-46
185            android:exported="true"
185-->[com.google.firebase:firebase-auth:20.0.4] AndroidManifest.xml:48:13-36
186            android:launchMode="singleTask"
186-->[com.google.firebase:firebase-auth:20.0.4] AndroidManifest.xml:49:13-44
187            android:theme="@android:style/Theme.Translucent.NoTitleBar" >
187-->[com.google.firebase:firebase-auth:20.0.4] AndroidManifest.xml:50:13-72
188            <intent-filter>
188-->[com.google.firebase:firebase-auth:20.0.4] AndroidManifest.xml:51:13-61:29
189                <action android:name="android.intent.action.VIEW" />
189-->[com.firebaseui:firebase-ui-auth:4.3.1] AndroidManifest.xml:93:17-69
189-->[com.firebaseui:firebase-ui-auth:4.3.1] AndroidManifest.xml:93:25-66
190
191                <category android:name="android.intent.category.DEFAULT" />
191-->[com.firebaseui:firebase-ui-auth:4.3.1] AndroidManifest.xml:95:17-76
191-->[com.firebaseui:firebase-ui-auth:4.3.1] AndroidManifest.xml:95:27-73
192                <category android:name="android.intent.category.BROWSABLE" />
192-->[com.firebaseui:firebase-ui-auth:4.3.1] AndroidManifest.xml:96:17-78
192-->[com.firebaseui:firebase-ui-auth:4.3.1] AndroidManifest.xml:96:27-75
193
194                <data
194-->[com.firebaseui:firebase-ui-auth:4.3.1] AndroidManifest.xml:98:17-81
195                    android:host="firebase.auth"
196                    android:path="/"
197                    android:scheme="recaptcha" />
197-->[com.firebaseui:firebase-ui-auth:4.3.1] AndroidManifest.xml:98:23-78
198            </intent-filter>
199        </activity>
200
201        <service
201-->[com.google.firebase:firebase-auth:20.0.4] AndroidManifest.xml:64:9-73:19
202            android:name="com.google.firebase.auth.api.fallback.service.FirebaseAuthFallbackService"
202-->[com.google.firebase:firebase-auth:20.0.4] AndroidManifest.xml:65:13-101
203            android:enabled="true"
203-->[com.google.firebase:firebase-auth:20.0.4] AndroidManifest.xml:66:13-35
204            android:exported="false" >
204-->[com.google.firebase:firebase-auth:20.0.4] AndroidManifest.xml:67:13-37
205            <intent-filter>
205-->[com.google.firebase:firebase-auth:20.0.4] AndroidManifest.xml:68:13-72:29
206                <action android:name="com.google.firebase.auth.api.gms.service.START" />
206-->[com.google.firebase:firebase-auth:20.0.4] AndroidManifest.xml:69:17-89
206-->[com.google.firebase:firebase-auth:20.0.4] AndroidManifest.xml:69:25-86
207
208                <category android:name="android.intent.category.DEFAULT" />
208-->[com.firebaseui:firebase-ui-auth:4.3.1] AndroidManifest.xml:95:17-76
208-->[com.firebaseui:firebase-ui-auth:4.3.1] AndroidManifest.xml:95:27-73
209            </intent-filter>
210        </service>
211        <service
211-->[com.google.firebase:firebase-auth:20.0.4] AndroidManifest.xml:74:9-80:19
212            android:name="com.google.firebase.components.ComponentDiscoveryService"
212-->[com.google.firebase:firebase-auth:20.0.4] AndroidManifest.xml:75:13-84
213            android:directBootAware="true"
213-->[com.google.firebase:firebase-common:19.5.0] AndroidManifest.xml:35:13-43
214            android:exported="false" >
214-->[com.google.firebase:firebase-auth:20.0.4] AndroidManifest.xml:76:13-37
215            <meta-data
215-->[com.google.firebase:firebase-auth:20.0.4] AndroidManifest.xml:77:13-79:85
216                android:name="com.google.firebase.components:com.google.firebase.auth.FirebaseAuthRegistrar"
216-->[com.google.firebase:firebase-auth:20.0.4] AndroidManifest.xml:78:17-109
217                android:value="com.google.firebase.components.ComponentRegistrar" />
217-->[com.google.firebase:firebase-auth:20.0.4] AndroidManifest.xml:79:17-82
218            <meta-data
218-->[com.google.firebase:firebase-firestore:22.1.2] AndroidManifest.xml:20:13-22:85
219                android:name="com.google.firebase.components:com.google.firebase.firestore.FirestoreRegistrar"
219-->[com.google.firebase:firebase-firestore:22.1.2] AndroidManifest.xml:21:17-111
220                android:value="com.google.firebase.components.ComponentRegistrar" />
220-->[com.google.firebase:firebase-firestore:22.1.2] AndroidManifest.xml:22:17-82
221            <meta-data
221-->[com.google.firebase:firebase-storage:19.2.2] AndroidManifest.xml:33:13-35:85
222                android:name="com.google.firebase.components:com.google.firebase.storage.StorageRegistrar"
222-->[com.google.firebase:firebase-storage:19.2.2] AndroidManifest.xml:34:17-107
223                android:value="com.google.firebase.components.ComponentRegistrar" />
223-->[com.google.firebase:firebase-storage:19.2.2] AndroidManifest.xml:35:17-82
224            <meta-data
224-->[com.google.android.gms:play-services-measurement-api:18.0.3] AndroidManifest.xml:30:13-32:85
225                android:name="com.google.firebase.components:com.google.firebase.analytics.connector.internal.AnalyticsConnectorRegistrar"
225-->[com.google.android.gms:play-services-measurement-api:18.0.3] AndroidManifest.xml:31:17-139
226                android:value="com.google.firebase.components.ComponentRegistrar" />
226-->[com.google.android.gms:play-services-measurement-api:18.0.3] AndroidManifest.xml:32:17-82
227            <meta-data
227-->[com.google.firebase:firebase-installations:16.3.2] AndroidManifest.xml:17:13-19:85
228                android:name="com.google.firebase.components:com.google.firebase.installations.FirebaseInstallationsRegistrar"
228-->[com.google.firebase:firebase-installations:16.3.2] AndroidManifest.xml:18:17-127
229                android:value="com.google.firebase.components.ComponentRegistrar" />
229-->[com.google.firebase:firebase-installations:16.3.2] AndroidManifest.xml:19:17-82
230            <!--
231                This registrar is not defined in the dynamic-module-support sdk itself to allow non-firebase
232                clients to use it as well, by defining this registrar in their own core/common library.
233            -->
234            <meta-data
234-->[com.google.firebase:firebase-common:19.5.0] AndroidManifest.xml:43:13-45:85
235                android:name="com.google.firebase.components:com.google.firebase.dynamicloading.DynamicLoadingRegistrar"
235-->[com.google.firebase:firebase-common:19.5.0] AndroidManifest.xml:44:17-121
236                android:value="com.google.firebase.components.ComponentRegistrar" />
236-->[com.google.firebase:firebase-common:19.5.0] AndroidManifest.xml:45:17-82
237        </service>
238
239        <receiver
239-->[com.google.android.gms:play-services-measurement:18.0.3] AndroidManifest.xml:29:9-33:20
240            android:name="com.google.android.gms.measurement.AppMeasurementReceiver"
240-->[com.google.android.gms:play-services-measurement:18.0.3] AndroidManifest.xml:30:13-85
241            android:enabled="true"
241-->[com.google.android.gms:play-services-measurement:18.0.3] AndroidManifest.xml:31:13-35
242            android:exported="false" >
242-->[com.google.android.gms:play-services-measurement:18.0.3] AndroidManifest.xml:32:13-37
243        </receiver>
244
245        <service
245-->[com.google.android.gms:play-services-measurement:18.0.3] AndroidManifest.xml:35:9-38:40
246            android:name="com.google.android.gms.measurement.AppMeasurementService"
246-->[com.google.android.gms:play-services-measurement:18.0.3] AndroidManifest.xml:36:13-84
247            android:enabled="true"
247-->[com.google.android.gms:play-services-measurement:18.0.3] AndroidManifest.xml:37:13-35
248            android:exported="false" />
248-->[com.google.android.gms:play-services-measurement:18.0.3] AndroidManifest.xml:38:13-37
249        <service
249-->[com.google.android.gms:play-services-measurement:18.0.3] AndroidManifest.xml:39:9-43:72
250            android:name="com.google.android.gms.measurement.AppMeasurementJobService"
250-->[com.google.android.gms:play-services-measurement:18.0.3] AndroidManifest.xml:40:13-87
251            android:enabled="true"
251-->[com.google.android.gms:play-services-measurement:18.0.3] AndroidManifest.xml:41:13-35
252            android:exported="false"
252-->[com.google.android.gms:play-services-measurement:18.0.3] AndroidManifest.xml:42:13-37
253            android:permission="android.permission.BIND_JOB_SERVICE" /> <!-- Include the AdActivity and InAppPurchaseActivity configChanges and themes. -->
253-->[com.google.android.gms:play-services-measurement:18.0.3] AndroidManifest.xml:43:13-69
254        <activity
254-->[com.google.android.gms:play-services-ads-lite:20.0.0] AndroidManifest.xml:48:9-52:64
255            android:name="com.google.android.gms.ads.AdActivity"
255-->[com.google.android.gms:play-services-ads-lite:20.0.0] AndroidManifest.xml:49:13-65
256            android:configChanges="keyboard|keyboardHidden|orientation|screenLayout|uiMode|screenSize|smallestScreenSize"
256-->[com.google.android.gms:play-services-ads-lite:20.0.0] AndroidManifest.xml:50:13-122
257            android:exported="false"
257-->[com.google.android.gms:play-services-ads-lite:20.0.0] AndroidManifest.xml:51:13-37
258            android:theme="@android:style/Theme.Translucent" />
258-->[com.google.android.gms:play-services-ads-lite:20.0.0] AndroidManifest.xml:52:13-61
259
260        <provider
260-->[com.google.android.gms:play-services-ads-lite:20.0.0] AndroidManifest.xml:54:9-58:39
261            android:name="com.google.android.gms.ads.MobileAdsInitProvider"
261-->[com.google.android.gms:play-services-ads-lite:20.0.0] AndroidManifest.xml:55:13-76
262            android:authorities="vukan.com.apursp.mobileadsinitprovider"
262-->[com.google.android.gms:play-services-ads-lite:20.0.0] AndroidManifest.xml:56:13-73
263            android:exported="false"
263-->[com.google.android.gms:play-services-ads-lite:20.0.0] AndroidManifest.xml:57:13-37
264            android:initOrder="100" />
264-->[com.google.android.gms:play-services-ads-lite:20.0.0] AndroidManifest.xml:58:13-36